This is pdfTeX, Version 3.1415926-2.5-1.40.14 (TeX Live 2013/Debian) (format=pdflatex 2016.9.27)  29 AUG 2017 22:30
entering extended mode
 restricted \write18 enabled.
 %&-line parsing enabled.
**report
(./report.tex
LaTeX2e <2011/06/27>
Babel <3.9h> and hyphenation patterns for 78 languages loaded.
(/usr/share/texlive/texmf-dist/tex/latex/base/article.cls
Document Class: article 2007/10/19 v1.4h Standard LaTeX document class
(/usr/share/texlive/texmf-dist/tex/latex/base/size10.clo
File: size10.clo 2007/10/19 v1.4h Standard LaTeX file (size option)
)
\c@part=\count79
\c@section=\count80
\c@subsection=\count81
\c@subsubsection=\count82
\c@paragraph=\count83
\c@subparagraph=\count84
\c@figure=\count85
\c@table=\count86
\abovecaptionskip=\skip41
\belowcaptionskip=\skip42
\bibindent=\dimen102
)
(/usr/share/texlive/texmf-dist/tex/latex/base/inputenc.sty
Package: inputenc 2008/03/30 v1.1d Input encoding file
\inpenc@prehook=\toks14
\inpenc@posthook=\toks15

(/usr/share/texlive/texmf-dist/tex/latex/base/utf8.def
File: utf8.def 2008/04/05 v1.1m UTF-8 support for inputenc
Now handling font encoding OML ...
... no UTF-8 mapping file for font encoding OML
Now handling font encoding T1 ...
... processing UTF-8 mapping file for font encoding T1

(/usr/share/texlive/texmf-dist/tex/latex/base/t1enc.dfu
File: t1enc.dfu 2008/04/05 v1.1m UTF-8 support for inputenc
   defining Unicode char U+00A1 (decimal 161)
   defining Unicode char U+00A3 (decimal 163)
   defining Unicode char U+00AB (decimal 171)
   defining Unicode char U+00BB (decimal 187)
   defining Unicode char U+00BF (decimal 191)
   defining Unicode char U+00C0 (decimal 192)
   defining Unicode char U+00C1 (decimal 193)
   defining Unicode char U+00C2 (decimal 194)
   defining Unicode char U+00C3 (decimal 195)
   defining Unicode char U+00C4 (decimal 196)
   defining Unicode char U+00C5 (decimal 197)
   defining Unicode char U+00C6 (decimal 198)
   defining Unicode char U+00C7 (decimal 199)
   defining Unicode char U+00C8 (decimal 200)
   defining Unicode char U+00C9 (decimal 201)
   defining Unicode char U+00CA (decimal 202)
   defining Unicode char U+00CB (decimal 203)
   defining Unicode char U+00CC (decimal 204)
   defining Unicode char U+00CD (decimal 205)
   defining Unicode char U+00CE (decimal 206)
   defining Unicode char U+00CF (decimal 207)
   defining Unicode char U+00D0 (decimal 208)
   defining Unicode char U+00D1 (decimal 209)
   defining Unicode char U+00D2 (decimal 210)
   defining Unicode char U+00D3 (decimal 211)
   defining Unicode char U+00D4 (decimal 212)
   defining Unicode char U+00D5 (decimal 213)
   defining Unicode char U+00D6 (decimal 214)
   defining Unicode char U+00D8 (decimal 216)
   defining Unicode char U+00D9 (decimal 217)
   defining Unicode char U+00DA (decimal 218)
   defining Unicode char U+00DB (decimal 219)
   defining Unicode char U+00DC (decimal 220)
   defining Unicode char U+00DD (decimal 221)
   defining Unicode char U+00DE (decimal 222)
   defining Unicode char U+00DF (decimal 223)
   defining Unicode char U+00E0 (decimal 224)
   defining Unicode char U+00E1 (decimal 225)
   defining Unicode char U+00E2 (decimal 226)
   defining Unicode char U+00E3 (decimal 227)
   defining Unicode char U+00E4 (decimal 228)
   defining Unicode char U+00E5 (decimal 229)
   defining Unicode char U+00E6 (decimal 230)
   defining Unicode char U+00E7 (decimal 231)
   defining Unicode char U+00E8 (decimal 232)
   defining Unicode char U+00E9 (decimal 233)
   defining Unicode char U+00EA (decimal 234)
   defining Unicode char U+00EB (decimal 235)
   defining Unicode char U+00EC (decimal 236)
   defining Unicode char U+00ED (decimal 237)
   defining Unicode char U+00EE (decimal 238)
   defining Unicode char U+00EF (decimal 239)
   defining Unicode char U+00F0 (decimal 240)
   defining Unicode char U+00F1 (decimal 241)
   defining Unicode char U+00F2 (decimal 242)
   defining Unicode char U+00F3 (decimal 243)
   defining Unicode char U+00F4 (decimal 244)
   defining Unicode char U+00F5 (decimal 245)
   defining Unicode char U+00F6 (decimal 246)
   defining Unicode char U+00F8 (decimal 248)
   defining Unicode char U+00F9 (decimal 249)
   defining Unicode char U+00FA (decimal 250)
   defining Unicode char U+00FB (decimal 251)
   defining Unicode char U+00FC (decimal 252)
   defining Unicode char U+00FD (decimal 253)
   defining Unicode char U+00FE (decimal 254)
   defining Unicode char U+00FF (decimal 255)
   defining Unicode char U+0102 (decimal 258)
   defining Unicode char U+0103 (decimal 259)
   defining Unicode char U+0104 (decimal 260)
   defining Unicode char U+0105 (decimal 261)
   defining Unicode char U+0106 (decimal 262)
   defining Unicode char U+0107 (decimal 263)
   defining Unicode char U+010C (decimal 268)
   defining Unicode char U+010D (decimal 269)
   defining Unicode char U+010E (decimal 270)
   defining Unicode char U+010F (decimal 271)
   defining Unicode char U+0110 (decimal 272)
   defining Unicode char U+0111 (decimal 273)
   defining Unicode char U+0118 (decimal 280)
   defining Unicode char U+0119 (decimal 281)
   defining Unicode char U+011A (decimal 282)
   defining Unicode char U+011B (decimal 283)
   defining Unicode char U+011E (decimal 286)
   defining Unicode char U+011F (decimal 287)
   defining Unicode char U+0130 (decimal 304)
   defining Unicode char U+0131 (decimal 305)
   defining Unicode char U+0132 (decimal 306)
   defining Unicode char U+0133 (decimal 307)
   defining Unicode char U+0139 (decimal 313)
   defining Unicode char U+013A (decimal 314)
   defining Unicode char U+013D (decimal 317)
   defining Unicode char U+013E (decimal 318)
   defining Unicode char U+0141 (decimal 321)
   defining Unicode char U+0142 (decimal 322)
   defining Unicode char U+0143 (decimal 323)
   defining Unicode char U+0144 (decimal 324)
   defining Unicode char U+0147 (decimal 327)
   defining Unicode char U+0148 (decimal 328)
   defining Unicode char U+014A (decimal 330)
   defining Unicode char U+014B (decimal 331)
   defining Unicode char U+0150 (decimal 336)
   defining Unicode char U+0151 (decimal 337)
   defining Unicode char U+0152 (decimal 338)
   defining Unicode char U+0153 (decimal 339)
   defining Unicode char U+0154 (decimal 340)
   defining Unicode char U+0155 (decimal 341)
   defining Unicode char U+0158 (decimal 344)
   defining Unicode char U+0159 (decimal 345)
   defining Unicode char U+015A (decimal 346)
   defining Unicode char U+015B (decimal 347)
   defining Unicode char U+015E (decimal 350)
   defining Unicode char U+015F (decimal 351)
   defining Unicode char U+0160 (decimal 352)
   defining Unicode char U+0161 (decimal 353)
   defining Unicode char U+0162 (decimal 354)
   defining Unicode char U+0163 (decimal 355)
   defining Unicode char U+0164 (decimal 356)
   defining Unicode char U+0165 (decimal 357)
   defining Unicode char U+016E (decimal 366)
   defining Unicode char U+016F (decimal 367)
   defining Unicode char U+0170 (decimal 368)
   defining Unicode char U+0171 (decimal 369)
   defining Unicode char U+0178 (decimal 376)
   defining Unicode char U+0179 (decimal 377)
   defining Unicode char U+017A (decimal 378)
   defining Unicode char U+017B (decimal 379)
   defining Unicode char U+017C (decimal 380)
   defining Unicode char U+017D (decimal 381)
   defining Unicode char U+017E (decimal 382)
   defining Unicode char U+200C (decimal 8204)
   defining Unicode char U+2013 (decimal 8211)
   defining Unicode char U+2014 (decimal 8212)
   defining Unicode char U+2018 (decimal 8216)
   defining Unicode char U+2019 (decimal 8217)
   defining Unicode char U+201A (decimal 8218)
   defining Unicode char U+201C (decimal 8220)
   defining Unicode char U+201D (decimal 8221)
   defining Unicode char U+201E (decimal 8222)
   defining Unicode char U+2030 (decimal 8240)
   defining Unicode char U+2031 (decimal 8241)
   defining Unicode char U+2039 (decimal 8249)
   defining Unicode char U+203A (decimal 8250)
   defining Unicode char U+2423 (decimal 9251)
)
Now handling font encoding OT1 ...
... processing UTF-8 mapping file for font encoding OT1

(/usr/share/texlive/texmf-dist/tex/latex/base/ot1enc.dfu
File: ot1enc.dfu 2008/04/05 v1.1m UTF-8 support for inputenc
   defining Unicode char U+00A1 (decimal 161)
   defining Unicode char U+00A3 (decimal 163)
   defining Unicode char U+00B8 (decimal 184)
   defining Unicode char U+00BF (decimal 191)
   defining Unicode char U+00C5 (decimal 197)
   defining Unicode char U+00C6 (decimal 198)
   defining Unicode char U+00D8 (decimal 216)
   defining Unicode char U+00DF (decimal 223)
   defining Unicode char U+00E6 (decimal 230)
   defining Unicode char U+00EC (decimal 236)
   defining Unicode char U+00ED (decimal 237)
   defining Unicode char U+00EE (decimal 238)
   defining Unicode char U+00EF (decimal 239)
   defining Unicode char U+00F8 (decimal 248)
   defining Unicode char U+0131 (decimal 305)
   defining Unicode char U+0141 (decimal 321)
   defining Unicode char U+0142 (decimal 322)
   defining Unicode char U+0152 (decimal 338)
   defining Unicode char U+0153 (decimal 339)
   defining Unicode char U+2013 (decimal 8211)
   defining Unicode char U+2014 (decimal 8212)
   defining Unicode char U+2018 (decimal 8216)
   defining Unicode char U+2019 (decimal 8217)
   defining Unicode char U+201C (decimal 8220)
   defining Unicode char U+201D (decimal 8221)
)
Now handling font encoding OMS ...
... processing UTF-8 mapping file for font encoding OMS

(/usr/share/texlive/texmf-dist/tex/latex/base/omsenc.dfu
File: omsenc.dfu 2008/04/05 v1.1m UTF-8 support for inputenc
   defining Unicode char U+00A7 (decimal 167)
   defining Unicode char U+00B6 (decimal 182)
   defining Unicode char U+00B7 (decimal 183)
   defining Unicode char U+2020 (decimal 8224)
   defining Unicode char U+2021 (decimal 8225)
   defining Unicode char U+2022 (decimal 8226)
)
Now handling font encoding OMX ...
... no UTF-8 mapping file for font encoding OMX
Now handling font encoding U ...
... no UTF-8 mapping file for font encoding U
   defining Unicode char U+00A9 (decimal 169)
   defining Unicode char U+00AA (decimal 170)
   defining Unicode char U+00AE (decimal 174)
   defining Unicode char U+00BA (decimal 186)
   defining Unicode char U+02C6 (decimal 710)
   defining Unicode char U+02DC (decimal 732)
   defining Unicode char U+200C (decimal 8204)
   defining Unicode char U+2026 (decimal 8230)
   defining Unicode char U+2122 (decimal 8482)
   defining Unicode char U+2423 (decimal 9251)
))
(/usr/share/texlive/texmf-dist/tex/generic/babel/babel.sty
Package: babel 2013/12/03 3.9h The Babel package

(/usr/share/texlive/texmf-dist/tex/generic/babel-english/english.ldf
Language: english 2012/08/20 v3.3p English support from the babel system

(/usr/share/texlive/texmf-dist/tex/generic/babel/babel.def
File: babel.def 2013/12/03 3.9h Babel common definitions
\babel@savecnt=\count87
\U@D=\dimen103
)
\l@canadian = a dialect from \language\l@american 
\l@australian = a dialect from \language\l@british 
\l@newzealand = a dialect from \language\l@british 
))
(/usr/share/texlive/texmf-dist/tex/latex/base/fontenc.sty
Package: fontenc 2005/09/27 v1.99g Standard LaTeX package

(/usr/share/texlive/texmf-dist/tex/latex/base/t1enc.def
File: t1enc.def 2005/09/27 v1.99g Standard LaTeX file
LaTeX Font Info:    Redeclaring font encoding T1 on input line 43.
))
(/usr/share/texlive/texmf-dist/tex/latex/psnfss/charter.sty
Package: charter 2005/04/12 PSNFSS-v9.2a (P.Dyballa) 
)
(/usr/share/texlive/texmf-dist/tex/latex/amsmath/amsmath.sty
Package: amsmath 2013/01/14 v2.14 AMS math features
\@mathmargin=\skip43

For additional information on amsmath, use the `?' option.
(/usr/share/texlive/texmf-dist/tex/latex/amsmath/amstext.sty
Package: amstext 2000/06/29 v2.01

(/usr/share/texlive/texmf-dist/tex/latex/amsmath/amsgen.sty
File: amsgen.sty 1999/11/30 v2.0
\@emptytoks=\toks16
\ex@=\dimen104
))
(/usr/share/texlive/texmf-dist/tex/latex/amsmath/amsbsy.sty
Package: amsbsy 1999/11/29 v1.2d
\pmbraise@=\dimen105
)
(/usr/share/texlive/texmf-dist/tex/latex/amsmath/amsopn.sty
Package: amsopn 1999/12/14 v2.01 operator names
)
\inf@bad=\count88
LaTeX Info: Redefining \frac on input line 210.
\uproot@=\count89
\leftroot@=\count90
LaTeX Info: Redefining \overline on input line 306.
\classnum@=\count91
\DOTSCASE@=\count92
LaTeX Info: Redefining \ldots on input line 378.
LaTeX Info: Redefining \dots on input line 381.
LaTeX Info: Redefining \cdots on input line 466.
\Mathstrutbox@=\box26
\strutbox@=\box27
\big@size=\dimen106
LaTeX Font Info:    Redeclaring font encoding OML on input line 566.
LaTeX Font Info:    Redeclaring font encoding OMS on input line 567.
\macc@depth=\count93
\c@MaxMatrixCols=\count94
\dotsspace@=\muskip10
\c@parentequation=\count95
\dspbrk@lvl=\count96
\tag@help=\toks17
\row@=\count97
\column@=\count98
\maxfields@=\count99
\andhelp@=\toks18
\eqnshift@=\dimen107
\alignsep@=\dimen108
\tagshift@=\dimen109
\tagwidth@=\dimen110
\totwidth@=\dimen111
\lineht@=\dimen112
\@envbody=\toks19
\multlinegap=\skip44
\multlinetaggap=\skip45
\mathdisplay@stack=\toks20
LaTeX Info: Redefining \[ on input line 2665.
LaTeX Info: Redefining \] on input line 2666.
)
(/usr/share/texlive/texmf-dist/tex/latex/amsfonts/amssymb.sty
Package: amssymb 2013/01/14 v3.01 AMS font symbols

(/usr/share/texlive/texmf-dist/tex/latex/amsfonts/amsfonts.sty
Package: amsfonts 2013/01/14 v3.01 Basic AMSFonts support
\symAMSa=\mathgroup4
\symAMSb=\mathgroup5
LaTeX Font Info:    Overwriting math alphabet `\mathfrak' in version `bold'
(Font)                  U/euf/m/n --> U/euf/b/n on input line 106.
))
(/usr/share/texlive/texmf-dist/tex/latex/hyperref/hyperref.sty
Package: hyperref 2012/11/06 v6.83m Hypertext links for LaTeX

(/usr/share/texlive/texmf-dist/tex/generic/oberdiek/hobsub-hyperref.sty
Package: hobsub-hyperref 2012/05/28 v1.13 Bundle oberdiek, subset hyperref (HO)


(/usr/share/texlive/texmf-dist/tex/generic/oberdiek/hobsub-generic.sty
Package: hobsub-generic 2012/05/28 v1.13 Bundle oberdiek, subset generic (HO)
Package: hobsub 2012/05/28 v1.13 Construct package bundles (HO)
Package: infwarerr 2010/04/08 v1.3 Providing info/warning/error messages (HO)
Package: ltxcmds 2011/11/09 v1.22 LaTeX kernel commands for general use (HO)
Package: ifluatex 2010/03/01 v1.3 Provides the ifluatex switch (HO)
Package ifluatex Info: LuaTeX not detected.
Package: ifvtex 2010/03/01 v1.5 Detect VTeX and its facilities (HO)
Package ifvtex Info: VTeX not detected.
Package: intcalc 2007/09/27 v1.1 Expandable calculations with integers (HO)
Package: ifpdf 2011/01/30 v2.3 Provides the ifpdf switch (HO)
Package ifpdf Info: pdfTeX in PDF mode is detected.
Package: etexcmds 2011/02/16 v1.5 Avoid name clashes with e-TeX commands (HO)
Package etexcmds Info: Could not find \expanded.
(etexcmds)             That can mean that you are not using pdfTeX 1.50 or
(etexcmds)             that some package has redefined \expanded.
(etexcmds)             In the latter case, load this package earlier.
Package: kvsetkeys 2012/04/25 v1.16 Key value parser (HO)
Package: kvdefinekeys 2011/04/07 v1.3 Define keys (HO)
Package: pdftexcmds 2011/11/29 v0.20 Utility functions of pdfTeX for LuaTeX (HO
)
Package pdftexcmds Info: LuaTeX not detected.
Package pdftexcmds Info: \pdf@primitive is available.
Package pdftexcmds Info: \pdf@ifprimitive is available.
Package pdftexcmds Info: \pdfdraftmode found.
Package: pdfescape 2011/11/25 v1.13 Implements pdfTeX's escape features (HO)
Package: bigintcalc 2012/04/08 v1.3 Expandable calculations on big integers (HO
)
Package: bitset 2011/01/30 v1.1 Handle bit-vector datatype (HO)
Package: uniquecounter 2011/01/30 v1.2 Provide unlimited unique counter (HO)
)
Package hobsub Info: Skipping package `hobsub' (already loaded).
Package: letltxmacro 2010/09/02 v1.4 Let assignment for LaTeX macros (HO)
Package: hopatch 2012/05/28 v1.2 Wrapper for package hooks (HO)
Package: xcolor-patch 2011/01/30 xcolor patch
Package: atveryend 2011/06/30 v1.8 Hooks at the very end of document (HO)
Package atveryend Info: \enddocument detected (standard20110627).
Package: atbegshi 2011/10/05 v1.16 At begin shipout hook (HO)
Package: refcount 2011/10/16 v3.4 Data extraction from label references (HO)
Package: hycolor 2011/01/30 v1.7 Color options for hyperref/bookmark (HO)
)
(/usr/share/texlive/texmf-dist/tex/latex/graphics/keyval.sty
Package: keyval 1999/03/16 v1.13 key=value parser (DPC)
\KV@toks@=\toks21
)
(/usr/share/texlive/texmf-dist/tex/generic/ifxetex/ifxetex.sty
Package: ifxetex 2010/09/12 v0.6 Provides ifxetex conditional
)
(/usr/share/texlive/texmf-dist/tex/latex/oberdiek/auxhook.sty
Package: auxhook 2011/03/04 v1.3 Hooks for auxiliary files (HO)
)
(/usr/share/texlive/texmf-dist/tex/latex/oberdiek/kvoptions.sty
Package: kvoptions 2011/06/30 v3.11 Key value format for package options (HO)
)
\@linkdim=\dimen113
\Hy@linkcounter=\count100
\Hy@pagecounter=\count101

(/usr/share/texlive/texmf-dist/tex/latex/hyperref/pd1enc.def
File: pd1enc.def 2012/11/06 v6.83m Hyperref: PDFDocEncoding definition (HO)
Now handling font encoding PD1 ...
... no UTF-8 mapping file for font encoding PD1
)
\Hy@SavedSpaceFactor=\count102

(/usr/share/texlive/texmf-dist/tex/latex/latexconfig/hyperref.cfg
File: hyperref.cfg 2002/06/06 v1.2 hyperref configuration of TeXLive
)
Package hyperref Info: Hyper figures OFF on input line 4443.
Package hyperref Info: Link nesting OFF on input line 4448.
Package hyperref Info: Hyper index ON on input line 4451.
Package hyperref Info: Plain pages OFF on input line 4458.
Package hyperref Info: Backreferencing OFF on input line 4463.
Package hyperref Info: Implicit mode ON; LaTeX internals redefined.
Package hyperref Info: Bookmarks ON on input line 4688.
\c@Hy@tempcnt=\count103

(/usr/share/texlive/texmf-dist/tex/latex/url/url.sty
\Urlmuskip=\muskip11
Package: url 2013/09/16  ver 3.4  Verb mode for urls, etc.
)
LaTeX Info: Redefining \url on input line 5041.
\XeTeXLinkMargin=\dimen114
\Fld@menulength=\count104
\Field@Width=\dimen115
\Fld@charsize=\dimen116
Package hyperref Info: Hyper figures OFF on input line 6295.
Package hyperref Info: Link nesting OFF on input line 6300.
Package hyperref Info: Hyper index ON on input line 6303.
Package hyperref Info: backreferencing OFF on input line 6310.
Package hyperref Info: Link coloring OFF on input line 6315.
Package hyperref Info: Link coloring with OCG OFF on input line 6320.
Package hyperref Info: PDF/A mode OFF on input line 6325.
LaTeX Info: Redefining \ref on input line 6365.
LaTeX Info: Redefining \pageref on input line 6369.
\Hy@abspage=\count105
\c@Item=\count106
\c@Hfootnote=\count107
)

Package hyperref Message: Driver (autodetected): hpdftex.

(/usr/share/texlive/texmf-dist/tex/latex/hyperref/hpdftex.def
File: hpdftex.def 2012/11/06 v6.83m Hyperref driver for pdfTeX
\Fld@listcount=\count108
\c@bookmark@seq@number=\count109

(/usr/share/texlive/texmf-dist/tex/latex/oberdiek/rerunfilecheck.sty
Package: rerunfilecheck 2011/04/15 v1.7 Rerun checks for auxiliary files (HO)
Package uniquecounter Info: New unique counter `rerunfilecheck' on input line 2
82.
)
\Hy@SectionHShift=\skip46
)
(/usr/share/texlive/texmf-dist/tex/latex/graphics/graphicx.sty
Package: graphicx 1999/02/16 v1.0f Enhanced LaTeX Graphics (DPC,SPQR)

(/usr/share/texlive/texmf-dist/tex/latex/graphics/graphics.sty
Package: graphics 2009/02/05 v1.0o Standard LaTeX Graphics (DPC,SPQR)

(/usr/share/texlive/texmf-dist/tex/latex/graphics/trig.sty
Package: trig 1999/03/16 v1.09 sin cos tan (DPC)
)
(/usr/share/texlive/texmf-dist/tex/latex/latexconfig/graphics.cfg
File: graphics.cfg 2010/04/23 v1.9 graphics configuration of TeX Live
)
Package graphics Info: Driver file: pdftex.def on input line 91.

(/usr/share/texlive/texmf-dist/tex/latex/pdftex-def/pdftex.def
File: pdftex.def 2011/05/27 v0.06d Graphics/color for pdfTeX
\Gread@gobject=\count110
))
\Gin@req@height=\dimen117
\Gin@req@width=\dimen118
)
(/usr/share/texlive/texmf-dist/tex/latex/enumitem/enumitem.sty
Package: enumitem 2011/09/28 v3.5.2 Customized lists
\labelindent=\skip47
\enit@outerparindent=\dimen119
\enit@toks=\toks22
\enit@inbox=\box28
\enitdp@description=\count111
)
(/usr/share/texlive/texmf-dist/tex/latex/multirow/multirow.sty
\bigstrutjot=\dimen120
)
(/usr/share/texlive/texmf-dist/tex/latex/tools/array.sty
Package: array 2008/09/09 v2.4c Tabular extension package (FMi)
\col@sep=\dimen121
\extrarowheight=\dimen122
\NC@list=\toks23
\extratabsurround=\skip48
\backup@length=\skip49
)
(/usr/share/texlive/texmf-dist/tex/latex/caption/subcaption.sty
Package: subcaption 2013/02/03 v1.1-62 Sub-captions (AR)

(/usr/share/texlive/texmf-dist/tex/latex/caption/caption.sty
Package: caption 2013/05/02 v3.3-89 Customizing captions (AR)

(/usr/share/texlive/texmf-dist/tex/latex/caption/caption3.sty
Package: caption3 2013/05/02 v1.6-88 caption3 kernel (AR)
Package caption3 Info: TeX engine: e-TeX on input line 57.
\captionmargin=\dimen123
\captionmargin@=\dimen124
\captionwidth=\dimen125
\caption@tempdima=\dimen126
\caption@indent=\dimen127
\caption@parindent=\dimen128
\caption@hangindent=\dimen129
)
\c@ContinuedFloat=\count112
Package caption Info: hyperref package is loaded.
)
\c@subfigure=\count113
\c@subtable=\count114
)
(/usr/share/texlive/texmf-dist/tex/latex/setspace/setspace.sty
Package: setspace 2011/12/19 v6.7a set line spacing
)
(/usr/share/texlive/texmf-dist/tex/latex/booktabs/booktabs.sty
Package: booktabs 2005/04/14 v1.61803 publication quality tables
\heavyrulewidth=\dimen130
\lightrulewidth=\dimen131
\cmidrulewidth=\dimen132
\belowrulesep=\dimen133
\belowbottomsep=\dimen134
\aboverulesep=\dimen135
\abovetopsep=\dimen136
\cmidrulesep=\dimen137
\cmidrulekern=\dimen138
\defaultaddspace=\dimen139
\@cmidla=\count115
\@cmidlb=\count116
\@aboverulesep=\dimen140
\@belowrulesep=\dimen141
\@thisruleclass=\count117
\@lastruleclass=\count118
\@thisrulewidth=\dimen142
)
(/usr/share/texlive/texmf-dist/tex/latex/cite/cite.sty
LaTeX Info: Redefining \cite on input line 302.
LaTeX Info: Redefining \nocite on input line 373.
Package: cite 2010/09/10  v 5.3
)
(/usr/share/texlive/texmf-dist/tex/latex/geometry/geometry.sty
Package: geometry 2010/09/12 v5.6 Page Geometry
\Gm@cnth=\count119
\Gm@cntv=\count120
\c@Gm@tempcnt=\count121
\Gm@bindingoffset=\dimen143
\Gm@wd@mp=\dimen144
\Gm@odd@mp=\dimen145
\Gm@even@mp=\dimen146
\Gm@layoutwidth=\dimen147
\Gm@layoutheight=\dimen148
\Gm@layouthoffset=\dimen149
\Gm@layoutvoffset=\dimen150
\Gm@dimlist=\toks24
)
(/usr/share/texmf/tex/latex/xcolor/xcolor.sty
Package: xcolor 2007/01/21 v2.11 LaTeX color extensions (UK)

(/usr/share/texlive/texmf-dist/tex/latex/latexconfig/color.cfg
File: color.cfg 2007/01/18 v1.5 color configuration of teTeX/TeXLive
)
Package xcolor Info: Driver file: pdftex.def on input line 225.
Package xcolor Info: Model `cmy' substituted by `cmy0' on input line 1337.
Package xcolor Info: Model `hsb' substituted by `rgb' on input line 1341.
Package xcolor Info: Model `RGB' extended on input line 1353.
Package xcolor Info: Model `HTML' substituted by `rgb' on input line 1355.
Package xcolor Info: Model `Hsb' substituted by `hsb' on input line 1356.
Package xcolor Info: Model `tHsb' substituted by `hsb' on input line 1357.
Package xcolor Info: Model `HSB' substituted by `hsb' on input line 1358.
Package xcolor Info: Model `Gray' substituted by `gray' on input line 1359.
Package xcolor Info: Model `wave' substituted by `hsb' on input line 1360.
)
(/usr/share/texlive/texmf-dist/tex/latex/listings/listings.sty
\lst@mode=\count122
\lst@gtempboxa=\box29
\lst@token=\toks25
\lst@length=\count123
\lst@currlwidth=\dimen151
\lst@column=\count124
\lst@pos=\count125
\lst@lostspace=\dimen152
\lst@width=\dimen153
\lst@newlines=\count126
\lst@lineno=\count127
\lst@maxwidth=\dimen154

(/usr/share/texlive/texmf-dist/tex/latex/listings/lstmisc.sty
File: lstmisc.sty 2013/08/26 1.5b (Carsten Heinz)
\c@lstnumber=\count128
\lst@skipnumbers=\count129
\lst@framebox=\box30
)
(/usr/share/texlive/texmf-dist/tex/latex/listings/listings.cfg
File: listings.cfg 2013/08/26 1.5b listings configuration
))
Package: listings 2013/08/26 1.5b (Carsten Heinz)
 (./report.aux)
\openout1 = `report.aux'.

LaTeX Font Info:    Checking defaults for OML/cmm/m/it on input line 37.
LaTeX Font Info:    ... okay on input line 37.
LaTeX Font Info:    Checking defaults for T1/cmr/m/n on input line 37.
LaTeX Font Info:    ... okay on input line 37.
LaTeX Font Info:    Checking defaults for OT1/cmr/m/n on input line 37.
LaTeX Font Info:    ... okay on input line 37.
LaTeX Font Info:    Checking defaults for OMS/cmsy/m/n on input line 37.
LaTeX Font Info:    ... okay on input line 37.
LaTeX Font Info:    Checking defaults for OMX/cmex/m/n on input line 37.
LaTeX Font Info:    ... okay on input line 37.
LaTeX Font Info:    Checking defaults for U/cmr/m/n on input line 37.
LaTeX Font Info:    ... okay on input line 37.
LaTeX Font Info:    Checking defaults for PD1/pdf/m/n on input line 37.
LaTeX Font Info:    ... okay on input line 37.
LaTeX Font Info:    Try loading font information for T1+bch on input line 37.
(/usr/share/texlive/texmf-dist/tex/latex/psnfss/t1bch.fd
File: t1bch.fd 2004/10/18 font definitions for T1/bch.
)
\AtBeginShipoutBox=\box31
Package hyperref Info: Link coloring OFF on input line 37.

(/usr/share/texlive/texmf-dist/tex/latex/hyperref/nameref.sty
Package: nameref 2012/10/27 v2.43 Cross-referencing by name of section

(/usr/share/texlive/texmf-dist/tex/generic/oberdiek/gettitlestring.sty
Package: gettitlestring 2010/12/03 v1.4 Cleanup title references (HO)
)
\c@section@level=\count130
)
LaTeX Info: Redefining \ref on input line 37.
LaTeX Info: Redefining \pageref on input line 37.
LaTeX Info: Redefining \nameref on input line 37.

(./report.out) (./report.out)
\@outlinefile=\write3
\openout3 = `report.out'.


(/usr/share/texlive/texmf-dist/tex/context/base/supp-pdf.mkii
[Loading MPS to PDF converter (version 2006.09.02).]
\scratchcounter=\count131
\scratchdimen=\dimen155
\scratchbox=\box32
\nofMPsegments=\count132
\nofMParguments=\count133
\everyMPshowfont=\toks26
\MPscratchCnt=\count134
\MPscratchDim=\dimen156
\MPnumerator=\count135
\makeMPintoPDFobject=\count136
\everyMPtoPDFconversion=\toks27
) (/usr/share/texlive/texmf-dist/tex/latex/oberdiek/epstopdf-base.sty
Package: epstopdf-base 2010/02/09 v2.5 Base part for package epstopdf

(/usr/share/texlive/texmf-dist/tex/latex/oberdiek/grfext.sty
Package: grfext 2010/08/19 v1.1 Manage graphics extensions (HO)
)
Package grfext Info: Graphics extension search list:
(grfext)             [.png,.pdf,.jpg,.mps,.jpeg,.jbig2,.jb2,.PNG,.PDF,.JPG,.JPE
G,.JBIG2,.JB2,.eps]
(grfext)             \AppendGraphicsExtensions on input line 452.

(/usr/share/texlive/texmf-dist/tex/latex/latexconfig/epstopdf-sys.cfg
File: epstopdf-sys.cfg 2010/07/13 v1.3 Configuration of (r)epstopdf for TeX Liv
e
))
Package caption Info: Begin \AtBeginDocument code.
Package caption Info: listings package is loaded.
Package caption Info: End \AtBeginDocument code.

*geometry* driver: auto-detecting
*geometry* detected driver: pdftex
*geometry* verbose mode - [ preamble ] result:
* driver: pdftex
* paper: a4paper
* layout: <same size as paper>
* layoutoffset:(h,v)=(0.0pt,0.0pt)
* modes: 
* h-part:(L,W,R)=(45.52458pt, 509.30417pt, 42.67912pt)
* v-part:(T,H,B)=(36.98866pt, 771.06952pt, 36.98866pt)
* \paperwidth=597.50787pt
* \paperheight=845.04684pt
* \textwidth=509.30417pt
* \textheight=771.06952pt
* \oddsidemargin=-26.7454pt
* \evensidemargin=-26.7454pt
* \topmargin=-72.28133pt
* \headheight=12.0pt
* \headsep=25.0pt
* \topskip=10.0pt
* \footskip=30.0pt
* \marginparwidth=57.0pt
* \marginparsep=11.0pt
* \columnsep=10.0pt
* \skip\footins=9.0pt plus 4.0pt minus 2.0pt
* \hoffset=0.0pt
* \voffset=0.0pt
* \mag=1000
* \@twocolumnfalse
* \@twosidefalse
* \@mparswitchfalse
* \@reversemarginfalse
* (1in=72.27pt=25.4mm, 1cm=28.453pt)

\c@lstlisting=\count137
(./p1-2-0.tex
LaTeX Font Info:    Try loading font information for U+msa on input line 3.
 (/usr/share/texlive/texmf-dist/tex/latex/amsfonts/umsa.fd
File: umsa.fd 2013/01/14 v3.01 AMS symbols A
)
LaTeX Font Info:    Try loading font information for U+msb on input line 3.

(/usr/share/texlive/texmf-dist/tex/latex/amsfonts/umsb.fd
File: umsb.fd 2013/01/14 v3.01 AMS symbols B
)
<input/p1-1-0.jpg, id=33, 401.5pt x 401.5pt>
File: input/p1-1-0.jpg Graphic file (type jpg)
 <use input/p1-1-0.jpg>
Package pdftex.def Info: input/p1-1-0.jpg used on input line 9.
(pdftex.def)             Requested size: 127.32603pt x 127.32472pt.

<input/p1-1-1.jpg, id=34, 401.5pt x 401.5pt>
File: input/p1-1-1.jpg Graphic file (type jpg)
 <use input/p1-1-1.jpg>
Package pdftex.def Info: input/p1-1-1.jpg used on input line 14.
(pdftex.def)             Requested size: 127.32603pt x 127.32472pt.

<input/p1-1-2.png, id=35, 301.125pt x 301.125pt>
File: input/p1-1-2.png Graphic file (type png)
 <use input/p1-1-2.png>
Package pdftex.def Info: input/p1-1-2.png used on input line 19.
(pdftex.def)             Requested size: 127.32603pt x 127.32626pt.

<input/p1-1-3.png, id=37, 301.125pt x 301.125pt>
File: input/p1-1-3.png Graphic file (type png)
 <use input/p1-1-3.png>
Package pdftex.def Info: input/p1-1-3.png used on input line 24.
(pdftex.def)             Requested size: 127.32603pt x 127.32626pt.
)
(./p1-2-1.tex (/usr/share/texlive/texmf-dist/tex/latex/listings/lstlang1.sty
File: lstlang1.sty 2013/08/26 1.5b listings language file
)
Package hyperref Info: bookmark level for unknown lstlisting defaults to 0 on i
nput line 5.


Package Listings Warning: Text dropped after begin of listing on input line 5.

<figs/sobel.png, id=39, 140.525pt x 143.53625pt>
File: figs/sobel.png Graphic file (type png)
 <use figs/sobel.png>
Package pdftex.def Info: figs/sobel.png used on input line 15.
(pdftex.def)             Requested size: 76.3964pt x 78.03406pt.

<figs/line.png, id=40, 127.47626pt x 141.52875pt>
File: figs/line.png Graphic file (type png)
 <use figs/line.png>
Package pdftex.def Info: figs/line.png used on input line 20.
(pdftex.def)             Requested size: 76.3964pt x 84.82071pt.

<figs/laplacian-of-gaussian.png, id=41, 222.8325pt x 225.84375pt>
File: figs/laplacian-of-gaussian.png Graphic file (type png)

<use figs/laplacian-of-gaussian.png>
Package pdftex.def Info: figs/laplacian-of-gaussian.png used on input line 25.
(pdftex.def)             Requested size: 76.3964pt x 77.42682pt.

<figs/gaussian.png, id=42, 361.35pt x 303.1325pt>
File: figs/gaussian.png Graphic file (type png)
 <use figs/gaussian.png>
Package pdftex.def Info: figs/gaussian.png used on input line 30.
(pdftex.def)             Requested size: 137.51257pt x 115.35806pt.

<figs/media.png, id=43, 678.535pt x 561.09625pt>
File: figs/media.png Graphic file (type png)
 <use figs/media.png>
Package pdftex.def Info: figs/media.png used on input line 35.
(pdftex.def)             Requested size: 320.85803pt x 265.32486pt.


LaTeX Warning: `!h' float specifier changed to `!ht'.

<output/sobel.jpg, id=45, 401.5pt x 401.5pt>
File: output/sobel.jpg Graphic file (type jpg)
 <use output/sobel.jpg>
Package pdftex.def Info: output/sobel.jpg used on input line 48.
(pdftex.def)             Requested size: 137.51257pt x 137.51291pt.

<output/horizontalLine.jpg, id=46, 401.5pt x 401.5pt>
File: output/horizontalLine.jpg Graphic file (type jpg)

<use output/horizontalLine.jpg>
Package pdftex.def Info: output/horizontalLine.jpg used on input line 53.
(pdftex.def)             Requested size: 137.51257pt x 137.51291pt.

<output/laplasOfGaussi.jpg, id=47, 401.5pt x 401.5pt>
File: output/laplasOfGaussi.jpg Graphic file (type jpg)

<use output/laplasOfGaussi.jpg>
Package pdftex.def Info: output/laplasOfGaussi.jpg used on input line 58.
(pdftex.def)             Requested size: 137.51257pt x 137.51291pt.

<output/gaussian.jpg, id=48, 401.5pt x 401.5pt>
File: output/gaussian.jpg Graphic file (type jpg)
 <use output/gaussian.jpg>
Package pdftex.def Info: output/gaussian.jpg used on input line 63.
(pdftex.def)             Requested size: 127.32603pt x 127.32472pt.

<output/media.jpg, id=49, 401.5pt x 401.5pt>
File: output/media.jpg Graphic file (type jpg)
 <use output/media.jpg>
Package pdftex.def Info: output/media.jpg used on input line 68.
(pdftex.def)             Requested size: 127.32603pt x 127.32472pt.


LaTeX Warning: `!h' float specifier changed to `!ht'.

<output/zero.jpg, id=51, 401.5pt x 401.5pt>
File: output/zero.jpg Graphic file (type jpg)
 <use output/zero.jpg>
Package pdftex.def Info: output/zero.jpg used on input line 85.
(pdftex.def)             Requested size: 114.59265pt x 114.59409pt.

<output/mirror.jpg, id=52, 401.5pt x 401.5pt>
File: output/mirror.jpg Graphic file (type jpg)
 <use output/mirror.jpg>
Package pdftex.def Info: output/mirror.jpg used on input line 90.
(pdftex.def)             Requested size: 114.59265pt x 114.59409pt.

<output/constant128.jpg, id=53, 401.5pt x 401.5pt>
File: output/constant128.jpg Graphic file (type jpg)

<use output/constant128.jpg>
Package pdftex.def Info: output/constant128.jpg used on input line 95.
(pdftex.def)             Requested size: 114.59265pt x 114.59409pt.

<output/constant255.jpg, id=54, 401.5pt x 401.5pt>
File: output/constant255.jpg Graphic file (type jpg)

<use output/constant255.jpg>
Package pdftex.def Info: output/constant255.jpg used on input line 100.
(pdftex.def)             Requested size: 114.59265pt x 114.59409pt.


LaTeX Warning: `!h' float specifier changed to `!ht'.

[1

{/var/lib/texmf/fonts/map/pdftex/updmap/pdftex.map} <./input/p1-1-0.jpg> <./inp
ut/p1-1-1.jpg> <./input/p1-1-2.png> <./input/p1-1-3.png>]

LaTeX Warning: Text page 2 contains only floats.

[2 <./figs/sobel.png> <./figs/line.png> <./figs/laplacian-of-gaussian.png> <./f
igs/gaussian.png> <./figs/media.png> <./output/sobel.jpg> <./output/horizontalL
ine.jpg> <./output/laplasOfGaussi.jpg> <./output/gaussian.jpg> <./output/media.
jpg>]
LaTeX Font Info:    Try loading font information for T1+cmtt on input line 111.

 (/usr/share/texlive/texmf-dist/tex/latex/base/t1cmtt.fd
File: t1cmtt.fd 1999/05/25 v2.5h Standard LaTeX font definitions
)) (./p1-2-2.tex

Package Listings Warning: Text dropped after begin of listing on input line 5.

[3 <./output/zero.jpg> <./output/mirror.jpg> <./output/constant128.jpg> <./outp
ut/constant255.jpg>]

Package Listings Warning: Text dropped after begin of listing on input line 49.


<output/gaussianPyramid.pdf, id=127, 466.74374pt x 191.71625pt>
File: output/gaussianPyramid.pdf Graphic file (type pdf)

<use output/gaussianPyramid.pdf>
Package pdftex.def Info: output/gaussianPyramid.pdf used on input line 61.
(pdftex.def)             Requested size: 458.37064pt x 188.28433pt.
File: input/p1-1-3.png Graphic file (type png)
 <use input/p1-1-3.png>
Package pdftex.def Info: input/p1-1-3.png used on input line 72.
(pdftex.def)             Requested size: 203.72244pt x 203.72845pt.

<output/upSample.jpg, id=129, 301.125pt x 301.125pt>
File: output/upSample.jpg Graphic file (type jpg)
 <use output/upSample.jpg>
Package pdftex.def Info: output/upSample.jpg used on input line 77.
(pdftex.def)             Requested size: 203.72244pt x 203.72845pt.

[4 <./output/gaussianPyramid.pdf> <./output/upSample.jpg>]

Package Listings Warning: Text dropped after begin of listing on input line 88.


<output/reconstructionImage.pdf, id=179, 375.4025pt x 256.96pt>
File: output/reconstructionImage.pdf Graphic file (type pdf)

<use output/reconstructionImage.pdf>
Package pdftex.def Info: output/reconstructionImage.pdf used on input line 144.

(pdftex.def)             Requested size: 560.23769pt x 383.50212pt.

Overfull \hbox (24.59077pt too wide) in paragraph at lines 143--145
[]  [] 
 []


LaTeX Warning: `!h' float specifier changed to `!ht'.

) (./p1-2-3.tex

Package Listings Warning: Text dropped after begin of listing on input line 5.


Package Listings Warning: Text dropped after begin of listing on input line 11.



Package Listings Warning: Text dropped after begin of listing on input line 22.


[5]

Package Listings Warning: Text dropped after begin of listing on input line 32.


<output/blendedOpenCV.jpg, id=245, 300.12125pt x 303.1325pt>
File: output/blendedOpenCV.jpg Graphic file (type jpg)

<use output/blendedOpenCV.jpg>
Package pdftex.def Info: output/blendedOpenCV.jpg used on input line 47.
(pdftex.def)             Requested size: 134.45755pt x 135.80705pt.

<output/blending1.jpg, id=248, 301.125pt x 301.125pt>
File: output/blending1.jpg Graphic file (type jpg)

<use output/blending1.jpg>
Package pdftex.def Info: output/blending1.jpg used on input line 53.
(pdftex.def)             Requested size: 134.45755pt x 134.46198pt.

<output/blending2.jpg, id=249, 301.125pt x 301.125pt>
File: output/blending2.jpg Graphic file (type jpg)

<use output/blending2.jpg>
Package pdftex.def Info: output/blending2.jpg used on input line 59.
(pdftex.def)             Requested size: 134.45755pt x 134.46198pt.
 <output/blending.jpg, id=250, 469.755pt x 835.12pt>
File: output/blending.jpg Graphic file (type jpg)

<use output/blending.jpg>
Package pdftex.def Info: output/blending.jpg used on input line 65.
(pdftex.def)             Requested size: 285.21016pt x 507.03954pt.


LaTeX Warning: `!h' float specifier changed to `!ht'.

) (./p1-3-1.tex <output/magnitud_low_1.jpg, id=255, 401.5pt x 401.5pt>
File: output/magnitud_low_1.jpg Graphic file (type jpg)

<use output/magnitud_low_1.jpg>
Package pdftex.def Info: output/magnitud_low_1.jpg used on input line 9.
(pdftex.def)             Requested size: 96.76599pt x 96.7663pt.

<output/magnitud_low_25.jpg, id=256, 401.5pt x 401.5pt>
File: output/magnitud_low_25.jpg Graphic file (type jpg)

<use output/magnitud_low_25.jpg>
Package pdftex.def Info: output/magnitud_low_25.jpg used on input line 14.
(pdftex.def)             Requested size: 96.76599pt x 96.7663pt.

<output/magnitud_low_50.jpg, id=257, 401.5pt x 401.5pt>
File: output/magnitud_low_50.jpg Graphic file (type jpg)

<use output/magnitud_low_50.jpg>
Package pdftex.def Info: output/magnitud_low_50.jpg used on input line 19.
(pdftex.def)             Requested size: 96.76599pt x 96.7663pt.

<output/magnitud_low_75.jpg, id=258, 401.5pt x 401.5pt>
File: output/magnitud_low_75.jpg Graphic file (type jpg)

<use output/magnitud_low_75.jpg>
Package pdftex.def Info: output/magnitud_low_75.jpg used on input line 24.
(pdftex.def)             Requested size: 96.76599pt x 96.7663pt.

<output/magnitud_low_100.jpg, id=259, 401.5pt x 401.5pt>
File: output/magnitud_low_100.jpg Graphic file (type jpg)

<use output/magnitud_low_100.jpg>
Package pdftex.def Info: output/magnitud_low_100.jpg used on input line 29.
(pdftex.def)             Requested size: 96.76599pt x 96.7663pt.


LaTeX Warning: `!h' float specifier changed to `!ht'.

[6 <./output/reconstructionImage.pdf>]
<output/magnitud_high_1.jpg, id=320, 401.5pt x 401.5pt>
File: output/magnitud_high_1.jpg Graphic file (type jpg)

<use output/magnitud_high_1.jpg>
Package pdftex.def Info: output/magnitud_high_1.jpg used on input line 42.
(pdftex.def)             Requested size: 96.76599pt x 96.7663pt.

<output/magnitud_high_25.jpg, id=321, 401.5pt x 401.5pt>
File: output/magnitud_high_25.jpg Graphic file (type jpg)

<use output/magnitud_high_25.jpg>
Package pdftex.def Info: output/magnitud_high_25.jpg used on input line 47.
(pdftex.def)             Requested size: 96.76599pt x 96.7663pt.

<output/magnitud_high_50.jpg, id=322, 401.5pt x 401.5pt>
File: output/magnitud_high_50.jpg Graphic file (type jpg)

<use output/magnitud_high_50.jpg>
Package pdftex.def Info: output/magnitud_high_50.jpg used on input line 52.
(pdftex.def)             Requested size: 96.76599pt x 96.7663pt.

<output/magnitud_high_75.jpg, id=323, 401.5pt x 401.5pt>
File: output/magnitud_high_75.jpg Graphic file (type jpg)

<use output/magnitud_high_75.jpg>
Package pdftex.def Info: output/magnitud_high_75.jpg used on input line 57.
(pdftex.def)             Requested size: 96.76599pt x 96.7663pt.

<output/magnitud_high_100.jpg, id=324, 401.5pt x 401.5pt>
File: output/magnitud_high_100.jpg Graphic file (type jpg)

<use output/magnitud_high_100.jpg>
Package pdftex.def Info: output/magnitud_high_100.jpg used on input line 62.
(pdftex.def)             Requested size: 96.76599pt x 96.7663pt.


LaTeX Warning: `!h' float specifier changed to `!ht'.

[7 <./output/blendedOpenCV.jpg> <./output/blending1.jpg> <./output/blending2.jp
g> <./output/blending.jpg>]
<output/phase_low_1.jpg, id=331, 401.5pt x 401.5pt>
File: output/phase_low_1.jpg Graphic file (type jpg)

<use output/phase_low_1.jpg>
Package pdftex.def Info: output/phase_low_1.jpg used on input line 75.
(pdftex.def)             Requested size: 96.76599pt x 96.7663pt.

<output/phase_low_25.jpg, id=332, 401.5pt x 401.5pt>
File: output/phase_low_25.jpg Graphic file (type jpg)

<use output/phase_low_25.jpg>
Package pdftex.def Info: output/phase_low_25.jpg used on input line 80.
(pdftex.def)             Requested size: 96.76599pt x 96.7663pt.

<output/phase_low_50.jpg, id=333, 401.5pt x 401.5pt>
File: output/phase_low_50.jpg Graphic file (type jpg)

<use output/phase_low_50.jpg>
Package pdftex.def Info: output/phase_low_50.jpg used on input line 85.
(pdftex.def)             Requested size: 96.76599pt x 96.7663pt.

<output/phase_low_75.jpg, id=334, 401.5pt x 401.5pt>
File: output/phase_low_75.jpg Graphic file (type jpg)

<use output/phase_low_75.jpg>
Package pdftex.def Info: output/phase_low_75.jpg used on input line 90.
(pdftex.def)             Requested size: 96.76599pt x 96.7663pt.

<output/phase_low_100.jpg, id=335, 401.5pt x 401.5pt>
File: output/phase_low_100.jpg Graphic file (type jpg)

<use output/phase_low_100.jpg>
Package pdftex.def Info: output/phase_low_100.jpg used on input line 95.
(pdftex.def)             Requested size: 96.76599pt x 96.7663pt.

<output/phase_high_1.jpg, id=337, 401.5pt x 401.5pt>
File: output/phase_high_1.jpg Graphic file (type jpg)

<use output/phase_high_1.jpg>
Package pdftex.def Info: output/phase_high_1.jpg used on input line 108.
(pdftex.def)             Requested size: 96.76599pt x 96.7663pt.

<output/phase_high_25.jpg, id=338, 401.5pt x 401.5pt>
File: output/phase_high_25.jpg Graphic file (type jpg)

<use output/phase_high_25.jpg>
Package pdftex.def Info: output/phase_high_25.jpg used on input line 113.
(pdftex.def)             Requested size: 96.76599pt x 96.7663pt.

<output/phase_high_50.jpg, id=339, 401.5pt x 401.5pt>
File: output/phase_high_50.jpg Graphic file (type jpg)

<use output/phase_high_50.jpg>
Package pdftex.def Info: output/phase_high_50.jpg used on input line 118.
(pdftex.def)             Requested size: 96.76599pt x 96.7663pt.

<output/phase_high_75.jpg, id=340, 401.5pt x 401.5pt>
File: output/phase_high_75.jpg Graphic file (type jpg)

<use output/phase_high_75.jpg>
Package pdftex.def Info: output/phase_high_75.jpg used on input line 124.
(pdftex.def)             Requested size: 96.76599pt x 96.7663pt.

<output/phase_high_100.jpg, id=341, 401.5pt x 401.5pt>
File: output/phase_high_100.jpg Graphic file (type jpg)

<use output/phase_high_100.jpg>
Package pdftex.def Info: output/phase_high_100.jpg used on input line 129.
(pdftex.def)             Requested size: 96.76599pt x 96.7663pt.
) (./p1-3-2.tex [8 <./output/magnitud_low_1.jpg> <./output/magnitud_low_25.jpg>
 <./output/magnitud_low_50.jpg> <./output/magnitud_low_75.jpg> <./output/magnit
ud_low_100.jpg> <./output/magnitud_high_1.jpg> <./output/magnitud_high_25.jpg> 
<./output/magnitud_high_50.jpg> <./output/magnitud_high_75.jpg> <./output/magni
tud_high_100.jpg> <./output/phase_low_1.jpg> <./output/phase_low_25.jpg> <./out
put/phase_low_50.jpg> <./output/phase_low_75.jpg> <./output/phase_low_100.jpg> 
<./output/phase_high_1.jpg> <./output/phase_high_25.jpg> <./output/phase_high_5
0.jpg> <./output/phase_high_75.jpg> <./output/phase_high_100.jpg>]
LaTeX Font Info:    Try loading font information for OMS+bch on input line 6.
 (/usr/share/texlive/texmf-dist/tex/latex/psnfss/omsbch.fd
File: omsbch.fd 
)
LaTeX Font Info:    Font shape `OMS/bch/m/n' in size <10> not available
(Font)              Font shape `OMS/cmsy/m/n' tried instead on input line 6.

<output/left_right1.jpg, id=353, 301.125pt x 301.125pt>
File: output/left_right1.jpg Graphic file (type jpg)

<use output/left_right1.jpg>
Package pdftex.def Info: output/left_right1.jpg used on input line 12.
(pdftex.def)             Requested size: 142.60236pt x 142.60854pt.

<output/left_right2.jpg, id=354, 401.5pt x 401.5pt>
File: output/left_right2.jpg Graphic file (type jpg)

<use output/left_right2.jpg>
Package pdftex.def Info: output/left_right2.jpg used on input line 17.
(pdftex.def)             Requested size: 142.60236pt x 142.60394pt.

<output/bottom_up1.jpg, id=356, 301.125pt x 301.125pt>
File: output/bottom_up1.jpg Graphic file (type jpg)

<use output/bottom_up1.jpg>
Package pdftex.def Info: output/bottom_up1.jpg used on input line 30.
(pdftex.def)             Requested size: 142.60236pt x 142.60854pt.
 <output/bottom_up2.jpg, id=357, 401.5pt x 401.5pt>
File: output/bottom_up2.jpg Graphic file (type jpg)

<use output/bottom_up2.jpg>
Package pdftex.def Info: output/bottom_up2.jpg used on input line 35.
(pdftex.def)             Requested size: 142.60236pt x 142.60394pt.

<output/centered1.jpg, id=359, 301.125pt x 301.125pt>
File: output/centered1.jpg Graphic file (type jpg)

<use output/centered1.jpg>
Package pdftex.def Info: output/centered1.jpg used on input line 48.
(pdftex.def)             Requested size: 142.60236pt x 142.60854pt.
 <output/centered2.jpg, id=360, 401.5pt x 401.5pt>
File: output/centered2.jpg Graphic file (type jpg)

<use output/centered2.jpg>
Package pdftex.def Info: output/centered2.jpg used on input line 53.
(pdftex.def)             Requested size: 142.60236pt x 142.60394pt.


LaTeX Warning: `!h' float specifier changed to `!ht'.

<output/chessboard1.jpg, id=362, 301.125pt x 301.125pt>
File: output/chessboard1.jpg Graphic file (type jpg)

<use output/chessboard1.jpg>
Package pdftex.def Info: output/chessboard1.jpg used on input line 66.
(pdftex.def)             Requested size: 142.60236pt x 142.60854pt.

<output/chessboard2.jpg, id=363, 401.5pt x 401.5pt>
File: output/chessboard2.jpg Graphic file (type jpg)

<use output/chessboard2.jpg>
Package pdftex.def Info: output/chessboard2.jpg used on input line 71.
(pdftex.def)             Requested size: 142.60236pt x 142.60394pt.


LaTeX Warning: `!h' float specifier changed to `!ht'.

[9 <./output/left_right1.jpg> <./output/left_right2.jpg> <./output/bottom_up1.j
pg> <./output/bottom_up2.jpg>]
<output/sliding_rows1.jpg, id=374, 301.125pt x 301.125pt>
File: output/sliding_rows1.jpg Graphic file (type jpg)

<use output/sliding_rows1.jpg>
Package pdftex.def Info: output/sliding_rows1.jpg used on input line 84.
(pdftex.def)             Requested size: 142.60236pt x 142.60854pt.

<output/sliding_rows2.jpg, id=375, 401.5pt x 401.5pt>
File: output/sliding_rows2.jpg Graphic file (type jpg)

<use output/sliding_rows2.jpg>
Package pdftex.def Info: output/sliding_rows2.jpg used on input line 89.
(pdftex.def)             Requested size: 142.60236pt x 142.60394pt.

<output/sliding_columns1.jpg, id=377, 301.125pt x 301.125pt>
File: output/sliding_columns1.jpg Graphic file (type jpg)

<use output/sliding_columns1.jpg>
Package pdftex.def Info: output/sliding_columns1.jpg used on input line 102.
(pdftex.def)             Requested size: 142.60236pt x 142.60854pt.

<output/sliding_columns2.jpg, id=378, 401.5pt x 401.5pt>
File: output/sliding_columns2.jpg Graphic file (type jpg)

<use output/sliding_columns2.jpg>
Package pdftex.def Info: output/sliding_columns2.jpg used on input line 107.
(pdftex.def)             Requested size: 142.60236pt x 142.60394pt.


LaTeX Warning: `!h' float specifier changed to `!ht'.

File: output/blending1.jpg Graphic file (type jpg)
<use output/blending1.jpg>
Package pdftex.def Info: output/blending1.jpg used on input line 122.
(pdftex.def)             Requested size: 229.18532pt x 229.19278pt.
File: output/left_right1.jpg Graphic file (type jpg)
 <use output/left_right1.jpg>
Package pdftex.def Info: output/left_right1.jpg used on input line 127.
(pdftex.def)             Requested size: 229.18532pt x 229.19278pt.


LaTeX Warning: `!h' float specifier changed to `!ht'.

)
Package atveryend Info: Empty hook `BeforeClearDocument' on input line 55.
 [10 <./output/centered1.jpg> <./output/centered2.jpg> <./output/chessboard1.jp
g> <./output/chessboard2.jpg> <./output/sliding_rows1.jpg> <./output/sliding_ro
ws2.jpg>] [11 <./output/sliding_columns1.jpg> <./output/sliding_columns2.jpg>]
Package atveryend Info: Empty hook `AfterLastShipout' on input line 55.
(./report.aux)
Package atveryend Info: Executing hook `AtVeryEndDocument' on input line 55.
Package atveryend Info: Executing hook `AtEndAfterFileList' on input line 55.
Package rerunfilecheck Info: File `report.out' has not changed.
(rerunfilecheck)             Checksum: 4B1E987F539CC65D684F5E5A74881091;349.


LaTeX Warning: Label(s) may have changed. Rerun to get cross-references right.

Package atveryend Info: Empty hook `AtVeryVeryEnd' on input line 55.
 ) 
Here is how much of TeX's memory you used:
 11526 strings out of 493304
 166304 string characters out of 6139871
 300528 words of memory out of 5000000
 14597 multiletter control sequences out of 15000+600000
 44244 words of font info for 64 fonts, out of 8000000 for 9000
 957 hyphenation exceptions out of 8191
 42i,14n,42p,773b,1892s stack positions out of 5000i,500n,10000p,200000b,80000s
pdfTeX warning (dest): name{Hfootnote.2} has been referenced but does not exi
st, replaced by a fixed one

pdfTeX warning (dest): name{Hfootnote.1} has been referenced but does not exist
, replaced by a fixed one

{/usr/share/texlive/texmf-dist/fonts/enc/dvips/base/8r.enc}{/usr/share/texmf/fo
nts/enc/dvips/cm-super/cm-super-t1.enc}</usr/share/texlive/texmf-dist/fonts/typ
e1/bitstrea/charter/bchb8a.pfb></usr/share/texlive/texmf-dist/fonts/type1/bitst
rea/charter/bchbi8a.pfb></usr/share/texlive/texmf-dist/fonts/type1/bitstrea/cha
rter/bchr8a.pfb></usr/share/texlive/texmf-dist/fonts/type1/bitstrea/charter/bch
ri8a.pfb></usr/share/texlive/texmf-dist/fonts/type1/public/amsfonts/cm/cmmi10.p
fb></usr/share/texlive/texmf-dist/fonts/type1/public/amsfonts/cm/cmmi7.pfb></us
r/share/texlive/texmf-dist/fonts/type1/public/amsfonts/cm/cmmi9.pfb></usr/share
/texlive/texmf-dist/fonts/type1/public/amsfonts/cm/cmr10.pfb></usr/share/texliv
e/texmf-dist/fonts/type1/public/amsfonts/cm/cmr9.pfb></usr/share/texlive/texmf-
dist/fonts/type1/public/amsfonts/cm/cmsy10.pfb></usr/share/texlive/texmf-dist/f
onts/type1/public/amsfonts/cm/cmsy8.pfb></usr/share/texmf/fonts/type1/public/cm
-super/sftt0800.pfb>
Output written on report.pdf (11 pages, 3258610 bytes).
PDF statistics:
 466 PDF objects out of 1000 (max. 8388607)
 338 compressed objects within 4 object streams
 151 named destinations out of 1000 (max. 500000)
 342 words of extra memory for PDF output out of 10000 (max. 10000000)

